<?xml version="1.0" encoding="UTF-8"?>
<!-- Generated by org.testng.reporters.JUnitReportReporter -->
<testsuite hostname="DESKTOP-JDM3969" name="com.training.sanity.tests.CreateCourseTests" tests="1" failures="0" timestamp="28 Oct 2019 11:44:30 GMT" time="29.607" errors="0">
  <testcase name="testMethod1" time="29.607" classname="com.training.sanity.tests.CreateCourseTests"/>
</testsuite> <!-- com.training.sanity.tests.CreateCourseTests -->
