<?xml version="1.0" encoding="UTF-8"?>
<!-- Generated by org.testng.reporters.JUnitReportReporter -->
<testsuite hostname="DESKTOP-JDM3969" name="com.training.sanity.tests.AddUserTests" tests="1" failures="0" timestamp="29 Oct 2019 19:17:24 GMT" time="123.302" errors="0">
  <testcase name="testMethod1" time="123.302" classname="com.training.sanity.tests.AddUserTests"/>
</testsuite> <!-- com.training.sanity.tests.AddUserTests -->
