<?xml version="1.0" encoding="UTF-8"?>
<!-- Generated by org.testng.reporters.JUnitReportReporter -->
<testsuite hostname="DESKTOP-JDM3969" name="com.training.sanity.tests.AddCourseCategoryTests" tests="1" failures="0" timestamp="29 Oct 2019 18:29:55 GMT" time="667.925" errors="0">
  <testcase name="testMethod1" time="667.925" classname="com.training.sanity.tests.AddCourseCategoryTests"/>
</testsuite> <!-- com.training.sanity.tests.AddCourseCategoryTests -->
