<?xml version="1.0" encoding="UTF-8"?>
<!-- Generated by org.testng.reporters.JUnitReportReporter -->
<testsuite hostname="DESKTOP-JDM3969" name="com.training.sanity.tests.DeleteCourseCategoryTests" tests="1" failures="0" timestamp="29 Oct 2019 18:40:39 GMT" time="146.743" errors="0">
  <testcase name="testMethod1" time="146.743" classname="com.training.sanity.tests.DeleteCourseCategoryTests"/>
</testsuite> <!-- com.training.sanity.tests.DeleteCourseCategoryTests -->
